Started GET "/" for 127.0.0.1 at 2022-05-24 12:15:28 -0300
  [1m[35m (1.0ms)[0m  [1m[34mSELECT sqlite_version(*)[0m
Processing by Rails::WelcomeController#index as HTML
  Rendering /home/renata/.rvm/gems/ruby-2.7.1/gems/railties-6.0.5/lib/rails/templates/rails/welcome/index.html.erb
  Rendered /home/renata/.rvm/gems/ruby-2.7.1/gems/railties-6.0.5/lib/rails/templates/rails/welcome/index.html.erb (Duration: 9.9ms | Allocations: 402)
Completed 200 OK in 24ms (Views: 13.9ms | ActiveRecord: 0.0ms | Allocations: 3552)


  [1m[35m (0.4ms)[0m  [1m[34mSELECT sqlite_version(*)[0m
  [1m[35m (5.4ms)[0m  [1m[35mCREATE TABLE "schema_migrations" ("version" varchar NOT NULL PRIMARY KEY)[0m
  [1m[35m (5.8ms)[0m  [1m[35mCREATE TABLE "ar_internal_metadata" ("key" varchar NOT NULL PRIMARY KEY, "value" varchar, "created_at" datetime(6) NOT NULL, "updated_at" datetime(6) NOT NULL)[0m
  [1m[35m (0.3ms)[0m  [1m[34mSELECT "schema_migrations"."version" FROM "schema_migrations" ORDER BY "schema_migrations"."version" ASC[0m
Migrating to CreateUsers (20220524165829)
  [1m[35m (0.2ms)[0m  [1m[34mSELECT sqlite_version(*)[0m
  [1m[35m (0.1ms)[0m  [1m[34mSELECT "schema_migrations"."version" FROM "schema_migrations" ORDER BY "schema_migrations"."version" ASC[0m
Migrating to CreateUsers (20220524165829)
  [1m[35m (0.0ms)[0m  [1m[36mbegin transaction[0m
  [1m[35m (0.2ms)[0m  [1m[35mCREATE TABLE "users" ("id" integer PRIMARY KEY AUTOINCREMENT NOT NULL, "name" varchar NOT NULL, "email" varchar NOT NULL, "password" varchar NOT NULL, "address" varchar NOT NULL, "phone" varchar NOT NULL, "created_at" datetime(6) NOT NULL, "updated_at" datetime(6) NOT NULL)[0m
  [1m[36mActiveRecord::SchemaMigration Create (0.1ms)[0m  [1m[32mINSERT INTO "schema_migrations" ("version") VALUES (?)[0m  [["version", "20220524165829"]]
  [1m[35m (5.9ms)[0m  [1m[36mcommit transaction[0m
Migrating to CreateSports (20220524165956)
  [1m[35m (0.1ms)[0m  [1m[36mbegin transaction[0m
  [1m[35m (0.2ms)[0m  [1m[35mCREATE TABLE "sports" ("id" integer PRIMARY KEY AUTOINCREMENT NOT NULL, "name" varchar NOT NULL, "created_at" datetime(6) NOT NULL, "updated_at" datetime(6) NOT NULL)[0m
  [1m[36mActiveRecord::SchemaMigration Create (0.1ms)[0m  [1m[32mINSERT INTO "schema_migrations" ("version") VALUES (?)[0m  [["version", "20220524165956"]]
  [1m[35m (5.5ms)[0m  [1m[36mcommit transaction[0m
Migrating to CreateTeams (20220524172552)
  [1m[35m (0.0ms)[0m  [1m[36mbegin transaction[0m
  [1m[35m (0.2ms)[0m  [1m[35mCREATE TABLE "teams" ("id" integer PRIMARY KEY AUTOINCREMENT NOT NULL, "userId_id" integer, "sportId_id" integer, "created_at" datetime(6) NOT NULL, "updated_at" datetime(6) NOT NULL, CONSTRAINT "fk_rails_1dd9bbd206"
FOREIGN KEY ("userId_id")
  REFERENCES "userIds" ("id")
, CONSTRAINT "fk_rails_03b60636b9"
FOREIGN KEY ("sportId_id")
  REFERENCES "sportIds" ("id")
)[0m
  [1m[35m (0.1ms)[0m  [1m[35mCREATE  INDEX "index_teams_on_userId_id" ON "teams" ("userId_id")[0m
  [1m[35m (0.1ms)[0m  [1m[35mCREATE  INDEX "index_teams_on_sportId_id" ON "teams" ("sportId_id")[0m
  [1m[36mActiveRecord::SchemaMigration Create (0.1ms)[0m  [1m[32mINSERT INTO "schema_migrations" ("version") VALUES (?)[0m  [["version", "20220524172552"]]
  [1m[35m (7.9ms)[0m  [1m[36mcommit transaction[0m
  [1m[36mActiveRecord::InternalMetadata Load (0.1ms)[0m  [1m[34mSELECT "ar_internal_metadata".* FROM "ar_internal_metadata" WHERE "ar_internal_metadata"."key" = ? LIMIT ?[0m  [["key", "environment"], ["LIMIT", 1]]
  [1m[35m (0.0ms)[0m  [1m[36mbegin transaction[0m
  [1m[36mActiveRecord::InternalMetadata Create (0.2ms)[0m  [1m[32mINSERT INTO "ar_internal_metadata" ("key", "value", "created_at", "updated_at") VALUES (?, ?, ?, ?)[0m  [["key", "environment"], ["value", "development"], ["created_at", "2022-05-24 18:26:29.894427"], ["updated_at", "2022-05-24 18:26:29.894427"]]
  [1m[35m (5.7ms)[0m  [1m[36mcommit transaction[0m
  [1m[35m (0.1ms)[0m  [1m[34mSELECT sqlite_version(*)[0m
  [1m[35m (0.1ms)[0m  [1m[34mSELECT "schema_migrations"."version" FROM "schema_migrations" ORDER BY "schema_migrations"."version" ASC[0m
  [1m[35m (0.5ms)[0m  [1m[34mSELECT sqlite_version(*)[0m
  [1m[35m (0.1ms)[0m  [1m[34mSELECT "schema_migrations"."version" FROM "schema_migrations" ORDER BY "schema_migrations"."version" ASC[0m
  [1m[35m (0.1ms)[0m  [1m[34mSELECT "ar_internal_metadata"."value" FROM "ar_internal_metadata" WHERE "ar_internal_metadata"."key" = ?[0m  [["key", "environment"]]
  [1m[35m (0.0ms)[0m  [1m[34mSELECT "schema_migrations"."version" FROM "schema_migrations" ORDER BY "schema_migrations"."version" ASC[0m
  [1m[35m (0.0ms)[0m  [1m[34mSELECT "ar_internal_metadata"."value" FROM "ar_internal_metadata" WHERE "ar_internal_metadata"."key" = ?[0m  [["key", "environment"]]
  [1m[35m (0.0ms)[0m  [1m[34mSELECT "schema_migrations"."version" FROM "schema_migrations" ORDER BY "schema_migrations"."version" ASC[0m
  [1m[35m (0.0ms)[0m  [1m[34mSELECT "ar_internal_metadata"."value" FROM "ar_internal_metadata" WHERE "ar_internal_metadata"."key" = ?[0m  [["key", "environment"]]
  [1m[35m (0.0ms)[0m  [1m[34mSELECT sqlite_version(*)[0m
  [1m[35m (4.4ms)[0m  [1m[35mDROP TABLE IF EXISTS "sports"[0m
  [1m[35m (4.7ms)[0m  [1m[35mCREATE TABLE "sports" ("id" integer PRIMARY KEY AUTOINCREMENT NOT NULL, "name" varchar NOT NULL, "created_at" datetime(6) NOT NULL, "updated_at" datetime(6) NOT NULL)[0m
  [1m[35m (4.4ms)[0m  [1m[35mDROP TABLE IF EXISTS "teams"[0m
  [1m[35m (4.4ms)[0m  [1m[35mCREATE TABLE "teams" ("id" integer PRIMARY KEY AUTOINCREMENT NOT NULL, "userId_id" integer, "sportId_id" integer, "created_at" datetime(6) NOT NULL, "updated_at" datetime(6) NOT NULL)[0m
  [1m[35m (4.3ms)[0m  [1m[35mCREATE  INDEX "index_teams_on_sportId_id" ON "teams" ("sportId_id")[0m
  [1m[35m (4.2ms)[0m  [1m[35mCREATE  INDEX "index_teams_on_userId_id" ON "teams" ("userId_id")[0m
  [1m[35m (4.2ms)[0m  [1m[35mDROP TABLE IF EXISTS "users"[0m
  [1m[35m (4.4ms)[0m  [1m[35mCREATE TABLE "users" ("id" integer PRIMARY KEY AUTOINCREMENT NOT NULL, "name" varchar NOT NULL, "email" varchar NOT NULL, "password" varchar NOT NULL, "address" varchar NOT NULL, "phone" varchar NOT NULL, "created_at" datetime(6) NOT NULL, "updated_at" datetime(6) NOT NULL)[0m
  [1m[35m (0.0ms)[0m  [1m[36mbegin transaction[0m
  [1m[35m (0.1ms)[0m  [1m[35mPRAGMA foreign_keys[0m
  [1m[35m (0.1ms)[0m  [1m[35mPRAGMA defer_foreign_keys[0m
  [1m[35m (0.0ms)[0m  [1m[35mPRAGMA defer_foreign_keys = ON[0m
  [1m[35m (0.0ms)[0m  [1m[35mPRAGMA foreign_keys = OFF[0m
  [1m[35m (0.1ms)[0m  [1m[35mCREATE TEMPORARY TABLE "ateams" ("id" integer NOT NULL PRIMARY KEY, "userId_id" integer DEFAULT NULL, "sportId_id" integer DEFAULT NULL, "created_at" datetime(6) NOT NULL, "updated_at" datetime(6) NOT NULL)[0m
  [1m[35m (0.1ms)[0m  [1m[35mCREATE  INDEX "tindex_ateams_on_userId_id" ON "ateams" ("userId_id")[0m
  [1m[35m (0.1ms)[0m  [1m[35mCREATE  INDEX "tindex_ateams_on_sportId_id" ON "ateams" ("sportId_id")[0m
  [1m[35m (0.1ms)[0m  [1m[32mINSERT INTO "ateams" ("id","userId_id","sportId_id","created_at","updated_at")
                     SELECT "id","userId_id","sportId_id","created_at","updated_at" FROM "teams"[0m
  [1m[35m (0.2ms)[0m  [1m[35mDROP TABLE "teams"[0m
  [1m[35m (0.1ms)[0m  [1m[35mCREATE TABLE "teams" ("id" integer NOT NULL PRIMARY KEY, "userId_id" integer DEFAULT NULL, "sportId_id" integer DEFAULT NULL, "created_at" datetime(6) NOT NULL, "updated_at" datetime(6) NOT NULL, CONSTRAINT "fk_rails_03b60636b9"
FOREIGN KEY ("sportId_id")
  REFERENCES "sports" ("id")
)[0m
  [1m[35m (0.1ms)[0m  [1m[35mCREATE  INDEX "index_teams_on_sportId_id" ON "teams" ("sportId_id")[0m
  [1m[35m (0.1ms)[0m  [1m[35mCREATE  INDEX "index_teams_on_userId_id" ON "teams" ("userId_id")[0m
  [1m[35m (0.1ms)[0m  [1m[32mINSERT INTO "teams" ("id","userId_id","sportId_id","created_at","updated_at")
                     SELECT "id","userId_id","sportId_id","created_at","updated_at" FROM "ateams"[0m
  [1m[35m (0.1ms)[0m  [1m[35mDROP TABLE "ateams"[0m
  [1m[35m (0.0ms)[0m  [1m[35mPRAGMA defer_foreign_keys = 0[0m
  [1m[35m (0.0ms)[0m  [1m[35mPRAGMA foreign_keys = 1[0m
  [1m[35m (4.1ms)[0m  [1m[36mcommit transaction[0m
  [1m[35m (0.0ms)[0m  [1m[36mbegin transaction[0m
  [1m[35m (0.0ms)[0m  [1m[35mPRAGMA foreign_keys[0m
  [1m[35m (0.0ms)[0m  [1m[35mPRAGMA defer_foreign_keys[0m
  [1m[35m (0.0ms)[0m  [1m[35mPRAGMA defer_foreign_keys = ON[0m
  [1m[35m (0.0ms)[0m  [1m[35mPRAGMA foreign_keys = OFF[0m
  [1m[35m (0.1ms)[0m  [1m[35mCREATE TEMPORARY TABLE "ateams" ("id" integer NOT NULL PRIMARY KEY, "userId_id" integer DEFAULT NULL, "sportId_id" integer DEFAULT NULL, "created_at" datetime(6) NOT NULL, "updated_at" datetime(6) NOT NULL)[0m
  [1m[35m (0.1ms)[0m  [1m[35mCREATE  INDEX "tindex_ateams_on_userId_id" ON "ateams" ("userId_id")[0m
  [1m[35m (0.1ms)[0m  [1m[35mCREATE  INDEX "tindex_ateams_on_sportId_id" ON "ateams" ("sportId_id")[0m
  [1m[35m (0.1ms)[0m  [1m[32mINSERT INTO "ateams" ("id","userId_id","sportId_id","created_at","updated_at")
                     SELECT "id","userId_id","sportId_id","created_at","updated_at" FROM "teams"[0m
  [1m[35m (0.2ms)[0m  [1m[35mDROP TABLE "teams"[0m
  [1m[35m (0.3ms)[0m  [1m[35mCREATE TABLE "teams" ("id" integer NOT NULL PRIMARY KEY, "userId_id" integer DEFAULT NULL, "sportId_id" integer DEFAULT NULL, "created_at" datetime(6) NOT NULL, "updated_at" datetime(6) NOT NULL, CONSTRAINT "fk_rails_03b60636b9"
FOREIGN KEY ("sportId_id")
  REFERENCES "sports" ("id")
, CONSTRAINT "fk_rails_18160b04b6"
FOREIGN KEY ("userIds")
  REFERENCES "users" ("id")
)[0m
  [1m[35m (0.0ms)[0m  [1m[35mPRAGMA defer_foreign_keys = 0[0m
  [1m[35m (0.0ms)[0m  [1m[35mPRAGMA foreign_keys = 1[0m
  [1m[35m (0.1ms)[0m  [1m[31mrollback transaction[0m
  [1m[35m (0.8ms)[0m  [1m[34mSELECT sqlite_version(*)[0m
  [1m[35m (0.1ms)[0m  [1m[34mSELECT "schema_migrations"."version" FROM "schema_migrations" ORDER BY "schema_migrations"."version" ASC[0m
  [1m[35m (0.1ms)[0m  [1m[34mSELECT "ar_internal_metadata"."value" FROM "ar_internal_metadata" WHERE "ar_internal_metadata"."key" = ?[0m  [["key", "environment"]]
  [1m[35m (0.8ms)[0m  [1m[34mSELECT "schema_migrations"."version" FROM "schema_migrations" ORDER BY "schema_migrations"."version" ASC[0m
  [1m[35m (0.0ms)[0m  [1m[34mSELECT "ar_internal_metadata"."value" FROM "ar_internal_metadata" WHERE "ar_internal_metadata"."key" = ?[0m  [["key", "environment"]]
  [1m[35m (0.0ms)[0m  [1m[34mSELECT "schema_migrations"."version" FROM "schema_migrations" ORDER BY "schema_migrations"."version" ASC[0m
  [1m[35m (0.0ms)[0m  [1m[34mSELECT "ar_internal_metadata"."value" FROM "ar_internal_metadata" WHERE "ar_internal_metadata"."key" = ?[0m  [["key", "environment"]]
  [1m[35m (0.0ms)[0m  [1m[34mSELECT sqlite_version(*)[0m
  [1m[35m (4.3ms)[0m  [1m[35mDROP TABLE IF EXISTS "sports"[0m
  [1m[35m (4.5ms)[0m  [1m[35mCREATE TABLE "sports" ("id" integer PRIMARY KEY AUTOINCREMENT NOT NULL, "name" varchar NOT NULL, "created_at" datetime(6) NOT NULL, "updated_at" datetime(6) NOT NULL)[0m
  [1m[35m (4.1ms)[0m  [1m[35mDROP TABLE IF EXISTS "teams"[0m
  [1m[35m (4.3ms)[0m  [1m[35mCREATE TABLE "teams" ("id" integer PRIMARY KEY AUTOINCREMENT NOT NULL, "userId_id" integer, "sportId_id" integer, "created_at" datetime(6) NOT NULL, "updated_at" datetime(6) NOT NULL)[0m
  [1m[35m (4.4ms)[0m  [1m[35mCREATE  INDEX "index_teams_on_sportId_id" ON "teams" ("sportId_id")[0m
  [1m[35m (4.2ms)[0m  [1m[35mCREATE  INDEX "index_teams_on_userId_id" ON "teams" ("userId_id")[0m
  [1m[35m (4.7ms)[0m  [1m[35mDROP TABLE IF EXISTS "users"[0m
  [1m[35m (5.0ms)[0m  [1m[35mCREATE TABLE "users" ("id" integer PRIMARY KEY AUTOINCREMENT NOT NULL, "name" varchar NOT NULL, "email" varchar NOT NULL, "password" varchar NOT NULL, "address" varchar NOT NULL, "phone" varchar NOT NULL, "created_at" datetime(6) NOT NULL, "updated_at" datetime(6) NOT NULL)[0m
  [1m[35m (0.1ms)[0m  [1m[36mbegin transaction[0m
  [1m[35m (0.1ms)[0m  [1m[35mPRAGMA foreign_keys[0m
  [1m[35m (0.1ms)[0m  [1m[35mPRAGMA defer_foreign_keys[0m
  [1m[35m (0.1ms)[0m  [1m[35mPRAGMA defer_foreign_keys = ON[0m
  [1m[35m (0.1ms)[0m  [1m[35mPRAGMA foreign_keys = OFF[0m
  [1m[35m (0.3ms)[0m  [1m[35mCREATE TEMPORARY TABLE "ateams" ("id" integer NOT NULL PRIMARY KEY, "userId_id" integer DEFAULT NULL, "sportId_id" integer DEFAULT NULL, "created_at" datetime(6) NOT NULL, "updated_at" datetime(6) NOT NULL)[0m
  [1m[35m (0.2ms)[0m  [1m[35mCREATE  INDEX "tindex_ateams_on_userId_id" ON "ateams" ("userId_id")[0m
  [1m[35m (0.2ms)[0m  [1m[35mCREATE  INDEX "tindex_ateams_on_sportId_id" ON "ateams" ("sportId_id")[0m
  [1m[35m (0.1ms)[0m  [1m[32mINSERT INTO "ateams" ("id","userId_id","sportId_id","created_at","updated_at")
                     SELECT "id","userId_id","sportId_id","created_at","updated_at" FROM "teams"[0m
  [1m[35m (0.5ms)[0m  [1m[35mDROP TABLE "teams"[0m
  [1m[35m (0.3ms)[0m  [1m[35mCREATE TABLE "teams" ("id" integer NOT NULL PRIMARY KEY, "userId_id" integer DEFAULT NULL, "sportId_id" integer DEFAULT NULL, "created_at" datetime(6) NOT NULL, "updated_at" datetime(6) NOT NULL, CONSTRAINT "fk_rails_03b60636b9"
FOREIGN KEY ("sportId_id")
  REFERENCES "sports" ("id")
)[0m
  [1m[35m (0.2ms)[0m  [1m[35mCREATE  INDEX "index_teams_on_sportId_id" ON "teams" ("sportId_id")[0m
  [1m[35m (0.1ms)[0m  [1m[35mCREATE  INDEX "index_teams_on_userId_id" ON "teams" ("userId_id")[0m
  [1m[35m (0.1ms)[0m  [1m[32mINSERT INTO "teams" ("id","userId_id","sportId_id","created_at","updated_at")
                     SELECT "id","userId_id","sportId_id","created_at","updated_at" FROM "ateams"[0m
  [1m[35m (0.1ms)[0m  [1m[35mDROP TABLE "ateams"[0m
  [1m[35m (0.1ms)[0m  [1m[35mPRAGMA defer_foreign_keys = 0[0m
  [1m[35m (0.0ms)[0m  [1m[35mPRAGMA foreign_keys = 1[0m
  [1m[35m (4.1ms)[0m  [1m[36mcommit transaction[0m
  [1m[35m (0.0ms)[0m  [1m[36mbegin transaction[0m
  [1m[35m (0.0ms)[0m  [1m[35mPRAGMA foreign_keys[0m
  [1m[35m (0.0ms)[0m  [1m[35mPRAGMA defer_foreign_keys[0m
  [1m[35m (0.0ms)[0m  [1m[35mPRAGMA defer_foreign_keys = ON[0m
  [1m[35m (0.0ms)[0m  [1m[35mPRAGMA foreign_keys = OFF[0m
  [1m[35m (0.1ms)[0m  [1m[35mCREATE TEMPORARY TABLE "ateams" ("id" integer NOT NULL PRIMARY KEY, "userId_id" integer DEFAULT NULL, "sportId_id" integer DEFAULT NULL, "created_at" datetime(6) NOT NULL, "updated_at" datetime(6) NOT NULL)[0m
  [1m[35m (0.1ms)[0m  [1m[35mCREATE  INDEX "tindex_ateams_on_userId_id" ON "ateams" ("userId_id")[0m
  [1m[35m (0.1ms)[0m  [1m[35mCREATE  INDEX "tindex_ateams_on_sportId_id" ON "ateams" ("sportId_id")[0m
  [1m[35m (0.1ms)[0m  [1m[32mINSERT INTO "ateams" ("id","userId_id","sportId_id","created_at","updated_at")
                     SELECT "id","userId_id","sportId_id","created_at","updated_at" FROM "teams"[0m
  [1m[35m (0.2ms)[0m  [1m[35mDROP TABLE "teams"[0m
  [1m[35m (0.1ms)[0m  [1m[35mCREATE TABLE "teams" ("id" integer NOT NULL PRIMARY KEY, "userId_id" integer DEFAULT NULL, "sportId_id" integer DEFAULT NULL, "created_at" datetime(6) NOT NULL, "updated_at" datetime(6) NOT NULL, CONSTRAINT "fk_rails_03b60636b9"
FOREIGN KEY ("sportId_id")
  REFERENCES "sports" ("id")
, CONSTRAINT "fk_rails_1dd9bbd206"
FOREIGN KEY ("userId_id")
  REFERENCES "users" ("id")
)[0m
  [1m[35m (0.1ms)[0m  [1m[35mCREATE  INDEX "index_teams_on_sportId_id" ON "teams" ("sportId_id")[0m
  [1m[35m (0.1ms)[0m  [1m[35mCREATE  INDEX "index_teams_on_userId_id" ON "teams" ("userId_id")[0m
  [1m[35m (0.0ms)[0m  [1m[32mINSERT INTO "teams" ("id","userId_id","sportId_id","created_at","updated_at")
                     SELECT "id","userId_id","sportId_id","created_at","updated_at" FROM "ateams"[0m
  [1m[35m (0.1ms)[0m  [1m[35mDROP TABLE "ateams"[0m
  [1m[35m (0.0ms)[0m  [1m[35mPRAGMA defer_foreign_keys = 0[0m
  [1m[35m (0.0ms)[0m  [1m[35mPRAGMA foreign_keys = 1[0m
  [1m[35m (4.3ms)[0m  [1m[36mcommit transaction[0m
  [1m[35m (0.1ms)[0m  [1m[34mSELECT "schema_migrations"."version" FROM "schema_migrations" ORDER BY "schema_migrations"."version" ASC[0m
  [1m[36mActiveRecord::InternalMetadata Load (0.1ms)[0m  [1m[34mSELECT "ar_internal_metadata".* FROM "ar_internal_metadata" WHERE "ar_internal_metadata"."key" = ? LIMIT ?[0m  [["key", "environment"], ["LIMIT", 1]]
  [1m[36mActiveRecord::InternalMetadata Load (0.0ms)[0m  [1m[34mSELECT "ar_internal_metadata".* FROM "ar_internal_metadata" WHERE "ar_internal_metadata"."key" = ? LIMIT ?[0m  [["key", "environment"], ["LIMIT", 1]]
  [1m[36mActiveRecord::InternalMetadata Load (0.0ms)[0m  [1m[34mSELECT "ar_internal_metadata".* FROM "ar_internal_metadata" WHERE "ar_internal_metadata"."key" = ? LIMIT ?[0m  [["key", "schema_sha1"], ["LIMIT", 1]]
  [1m[35m (0.0ms)[0m  [1m[36mbegin transaction[0m
  [1m[36mActiveRecord::InternalMetadata Create (0.1ms)[0m  [1m[32mINSERT INTO "ar_internal_metadata" ("key", "value", "created_at", "updated_at") VALUES (?, ?, ?, ?)[0m  [["key", "schema_sha1"], ["value", "fe55b46f3371fd2de42ce56396ed6ea08d1dafdb"], ["created_at", "2022-05-24 18:57:06.719613"], ["updated_at", "2022-05-24 18:57:06.719613"]]
  [1m[35m (3.9ms)[0m  [1m[36mcommit transaction[0m
  [1m[35m (0.1ms)[0m  [1m[34mSELECT sqlite_version(*)[0m
  [1m[35m (0.2ms)[0m  [1m[35mDROP TABLE IF EXISTS "sports"[0m
  [1m[35m (6.3ms)[0m  [1m[35mCREATE TABLE "sports" ("id" integer PRIMARY KEY AUTOINCREMENT NOT NULL, "name" varchar NOT NULL, "created_at" datetime(6) NOT NULL, "updated_at" datetime(6) NOT NULL)[0m
  [1m[35m (0.2ms)[0m  [1m[35mDROP TABLE IF EXISTS "teams"[0m
  [1m[35m (6.1ms)[0m  [1m[35mCREATE TABLE "teams" ("id" integer PRIMARY KEY AUTOINCREMENT NOT NULL, "userId_id" integer, "sportId_id" integer, "created_at" datetime(6) NOT NULL, "updated_at" datetime(6) NOT NULL)[0m
  [1m[35m (6.1ms)[0m  [1m[35mCREATE  INDEX "index_teams_on_sportId_id" ON "teams" ("sportId_id")[0m
  [1m[35m (6.0ms)[0m  [1m[35mCREATE  INDEX "index_teams_on_userId_id" ON "teams" ("userId_id")[0m
  [1m[35m (0.2ms)[0m  [1m[35mDROP TABLE IF EXISTS "users"[0m
  [1m[35m (6.6ms)[0m  [1m[35mCREATE TABLE "users" ("id" integer PRIMARY KEY AUTOINCREMENT NOT NULL, "name" varchar NOT NULL, "email" varchar NOT NULL, "password" varchar NOT NULL, "address" varchar NOT NULL, "phone" varchar NOT NULL, "created_at" datetime(6) NOT NULL, "updated_at" datetime(6) NOT NULL)[0m
  [1m[35m (0.1ms)[0m  [1m[36mbegin transaction[0m
  [1m[35m (0.1ms)[0m  [1m[35mPRAGMA foreign_keys[0m
  [1m[35m (0.1ms)[0m  [1m[35mPRAGMA defer_foreign_keys[0m
  [1m[35m (0.1ms)[0m  [1m[35mPRAGMA defer_foreign_keys = ON[0m
  [1m[35m (0.1ms)[0m  [1m[35mPRAGMA foreign_keys = OFF[0m
  [1m[35m (0.3ms)[0m  [1m[35mCREATE TEMPORARY TABLE "ateams" ("id" integer NOT NULL PRIMARY KEY, "userId_id" integer DEFAULT NULL, "sportId_id" integer DEFAULT NULL, "created_at" datetime(6) NOT NULL, "updated_at" datetime(6) NOT NULL)[0m
  [1m[35m (0.3ms)[0m  [1m[35mCREATE  INDEX "tindex_ateams_on_userId_id" ON "ateams" ("userId_id")[0m
  [1m[35m (0.3ms)[0m  [1m[35mCREATE  INDEX "tindex_ateams_on_sportId_id" ON "ateams" ("sportId_id")[0m
  [1m[35m (0.2ms)[0m  [1m[32mINSERT INTO "ateams" ("id","userId_id","sportId_id","created_at","updated_at")
                     SELECT "id","userId_id","sportId_id","created_at","updated_at" FROM "teams"[0m
  [1m[35m (0.5ms)[0m  [1m[35mDROP TABLE "teams"[0m
  [1m[35m (0.3ms)[0m  [1m[35mCREATE TABLE "teams" ("id" integer NOT NULL PRIMARY KEY, "userId_id" integer DEFAULT NULL, "sportId_id" integer DEFAULT NULL, "created_at" datetime(6) NOT NULL, "updated_at" datetime(6) NOT NULL, CONSTRAINT "fk_rails_03b60636b9"
FOREIGN KEY ("sportId_id")
  REFERENCES "sports" ("id")
)[0m
  [1m[35m (0.2ms)[0m  [1m[35mCREATE  INDEX "index_teams_on_sportId_id" ON "teams" ("sportId_id")[0m
  [1m[35m (0.2ms)[0m  [1m[35mCREATE  INDEX "index_teams_on_userId_id" ON "teams" ("userId_id")[0m
  [1m[35m (0.1ms)[0m  [1m[32mINSERT INTO "teams" ("id","userId_id","sportId_id","created_at","updated_at")
                     SELECT "id","userId_id","sportId_id","created_at","updated_at" FROM "ateams"[0m
  [1m[35m (0.1ms)[0m  [1m[35mDROP TABLE "ateams"[0m
  [1m[35m (0.1ms)[0m  [1m[35mPRAGMA defer_foreign_keys = 0[0m
  [1m[35m (0.1ms)[0m  [1m[35mPRAGMA foreign_keys = 1[0m
  [1m[35m (4.5ms)[0m  [1m[36mcommit transaction[0m
  [1m[35m (0.1ms)[0m  [1m[36mbegin transaction[0m
  [1m[35m (0.1ms)[0m  [1m[35mPRAGMA foreign_keys[0m
  [1m[35m (0.1ms)[0m  [1m[35mPRAGMA defer_foreign_keys[0m
  [1m[35m (0.1ms)[0m  [1m[35mPRAGMA defer_foreign_keys = ON[0m
  [1m[35m (0.1ms)[0m  [1m[35mPRAGMA foreign_keys = OFF[0m
  [1m[35m (0.2ms)[0m  [1m[35mCREATE TEMPORARY TABLE "ateams" ("id" integer NOT NULL PRIMARY KEY, "userId_id" integer DEFAULT NULL, "sportId_id" integer DEFAULT NULL, "created_at" datetime(6) NOT NULL, "updated_at" datetime(6) NOT NULL)[0m
  [1m[35m (0.1ms)[0m  [1m[35mCREATE  INDEX "tindex_ateams_on_userId_id" ON "ateams" ("userId_id")[0m
  [1m[35m (0.1ms)[0m  [1m[35mCREATE  INDEX "tindex_ateams_on_sportId_id" ON "ateams" ("sportId_id")[0m
  [1m[35m (0.1ms)[0m  [1m[32mINSERT INTO "ateams" ("id","userId_id","sportId_id","created_at","updated_at")
                     SELECT "id","userId_id","sportId_id","created_at","updated_at" FROM "teams"[0m
  [1m[35m (0.2ms)[0m  [1m[35mDROP TABLE "teams"[0m
  [1m[35m (0.1ms)[0m  [1m[35mCREATE TABLE "teams" ("id" integer NOT NULL PRIMARY KEY, "userId_id" integer DEFAULT NULL, "sportId_id" integer DEFAULT NULL, "created_at" datetime(6) NOT NULL, "updated_at" datetime(6) NOT NULL, CONSTRAINT "fk_rails_03b60636b9"
FOREIGN KEY ("sportId_id")
  REFERENCES "sports" ("id")
, CONSTRAINT "fk_rails_1dd9bbd206"
FOREIGN KEY ("userId_id")
  REFERENCES "users" ("id")
)[0m
  [1m[35m (0.1ms)[0m  [1m[35mCREATE  INDEX "index_teams_on_sportId_id" ON "teams" ("sportId_id")[0m
  [1m[35m (0.1ms)[0m  [1m[35mCREATE  INDEX "index_teams_on_userId_id" ON "teams" ("userId_id")[0m
  [1m[35m (0.1ms)[0m  [1m[32mINSERT INTO "teams" ("id","userId_id","sportId_id","created_at","updated_at")
                     SELECT "id","userId_id","sportId_id","created_at","updated_at" FROM "ateams"[0m
  [1m[35m (0.1ms)[0m  [1m[35mDROP TABLE "ateams"[0m
  [1m[35m (0.0ms)[0m  [1m[35mPRAGMA defer_foreign_keys = 0[0m
  [1m[35m (0.0ms)[0m  [1m[35mPRAGMA foreign_keys = 1[0m
  [1m[35m (4.1ms)[0m  [1m[36mcommit transaction[0m
  [1m[35m (5.2ms)[0m  [1m[35mCREATE TABLE "schema_migrations" ("version" varchar NOT NULL PRIMARY KEY)[0m
  [1m[35m (0.1ms)[0m  [1m[34mSELECT "schema_migrations"."version" FROM "schema_migrations" ORDER BY "schema_migrations"."version" ASC[0m
  [1m[35m (4.2ms)[0m  [1m[32mINSERT INTO "schema_migrations" (version) VALUES (20220524172552)[0m
  [1m[35m (4.4ms)[0m  [1m[32mINSERT INTO "schema_migrations" (version) VALUES
(20220524165829),
(20220524165956);

[0m
  [1m[35m (6.5ms)[0m  [1m[35mCREATE TABLE "ar_internal_metadata" ("key" varchar NOT NULL PRIMARY KEY, "value" varchar, "created_at" datetime(6) NOT NULL, "updated_at" datetime(6) NOT NULL)[0m
  [1m[36mActiveRecord::InternalMetadata Load (0.2ms)[0m  [1m[34mSELECT "ar_internal_metadata".* FROM "ar_internal_metadata" WHERE "ar_internal_metadata"."key" = ? LIMIT ?[0m  [["key", "environment"], ["LIMIT", 1]]
  [1m[35m (0.1ms)[0m  [1m[36mbegin transaction[0m
  [1m[36mActiveRecord::InternalMetadata Create (0.4ms)[0m  [1m[32mINSERT INTO "ar_internal_metadata" ("key", "value", "created_at", "updated_at") VALUES (?, ?, ?, ?)[0m  [["key", "environment"], ["value", "development"], ["created_at", "2022-05-24 18:57:06.901699"], ["updated_at", "2022-05-24 18:57:06.901699"]]
  [1m[35m (4.5ms)[0m  [1m[36mcommit transaction[0m
  [1m[36mActiveRecord::InternalMetadata Load (0.2ms)[0m  [1m[34mSELECT "ar_internal_metadata".* FROM "ar_internal_metadata" WHERE "ar_internal_metadata"."key" = ? LIMIT ?[0m  [["key", "environment"], ["LIMIT", 1]]
  [1m[35m (0.1ms)[0m  [1m[36mbegin transaction[0m
  [1m[36mActiveRecord::InternalMetadata Update (0.4ms)[0m  [1m[33mUPDATE "ar_internal_metadata" SET "value" = ?, "updated_at" = ? WHERE "ar_internal_metadata"."key" = ?[0m  [["value", "test"], ["updated_at", "2022-05-24 18:57:06.919590"], ["key", "environment"]]
  [1m[35m (4.6ms)[0m  [1m[36mcommit transaction[0m
  [1m[36mActiveRecord::InternalMetadata Load (0.2ms)[0m  [1m[34mSELECT "ar_internal_metadata".* FROM "ar_internal_metadata" WHERE "ar_internal_metadata"."key" = ? LIMIT ?[0m  [["key", "schema_sha1"], ["LIMIT", 1]]
  [1m[35m (0.1ms)[0m  [1m[36mbegin transaction[0m
  [1m[36mActiveRecord::InternalMetadata Create (0.4ms)[0m  [1m[32mINSERT INTO "ar_internal_metadata" ("key", "value", "created_at", "updated_at") VALUES (?, ?, ?, ?)[0m  [["key", "schema_sha1"], ["value", "fe55b46f3371fd2de42ce56396ed6ea08d1dafdb"], ["created_at", "2022-05-24 18:57:06.938396"], ["updated_at", "2022-05-24 18:57:06.938396"]]
  [1m[35m (5.0ms)[0m  [1m[36mcommit transaction[0m
